<?xml version="1.0" encoding="UTF-8"?>
<!-- Generated by org.testng.reporters.JUnitReportReporter -->
<testsuite skipped="0" hostname="W70388" name="com.crm.qa.testcases.LoginPageTest" tests="1" failures="0" timestamp="2020-05-11T19:22:02 IST" time="14.455" errors="0">
  <testcase name="loginTest" time="14.455" classname="com.crm.qa.testcases.LoginPageTest"/>
  <system-out/>
</testsuite> <!-- com.crm.qa.testcases.LoginPageTest -->
